{"/Users/alexsiroli/expense-tracker/src/features/categories/categoryLogic.js": {"path":"/Users/alexsiroli/expense-tracker/src/features/categories/categoryLogic.js","statementMap":{"0":{"start":{"line":3,"column":2},"end":{"line":3,"column":102}},"1":{"start":{"line":3,"column":62},"end":{"line":3,"column":102}},"2":{"start":{"line":4,"column":2},"end":{"line":4,"column":104}},"3":{"start":{"line":4,"column":29},"end":{"line":4,"column":58}},"4":{"start":{"line":4,"column":61},"end":{"line":4,"column":104}},"5":{"start":{"line":5,"column":2},"end":{"line":5,"column":61}},"6":{"start":{"line":10,"column":2},"end":{"line":12,"column":4}},"7":{"start":{"line":11,"column":4},"end":{"line":11,"column":54}},"8":{"start":{"line":17,"column":2},"end":{"line":17,"column":49}},"9":{"start":{"line":17,"column":34},"end":{"line":17,"column":47}},"10":{"start":{"line":22,"column":2},"end":{"line":22,"column":58}}},"fnMap":{"0":{"name":"addCategory","decl":{"start":{"line":2,"column":16},"end":{"line":2,"column":27}},"loc":{"start":{"line":2,"column":53},"end":{"line":6,"column":1}},"line":2},"1":{"name":"(anonymous_1)","decl":{"start":{"line":4,"column":22},"end":{"line":4,"column":23}},"loc":{"start":{"line":4,"column":29},"end":{"line":4,"column":58}},"line":4},"2":{"name":"editCategory","decl":{"start":{"line":9,"column":16},"end":{"line":9,"column":28}},"loc":{"start":{"line":9,"column":60},"end":{"line":13,"column":1}},"line":9},"3":{"name":"(anonymous_3)","decl":{"start":{"line":10,"column":24},"end":{"line":10,"column":25}},"loc":{"start":{"line":11,"column":4},"end":{"line":11,"column":54}},"line":11},"4":{"name":"deleteCategory","decl":{"start":{"line":16,"column":16},"end":{"line":16,"column":30}},"loc":{"start":{"line":16,"column":47},"end":{"line":18,"column":1}},"line":16},"5":{"name":"(anonymous_5)","decl":{"start":{"line":17,"column":27},"end":{"line":17,"column":28}},"loc":{"start":{"line":17,"column":34},"end":{"line":17,"column":47}},"line":17},"6":{"name":"validateCategory","decl":{"start":{"line":21,"column":16},"end":{"line":21,"column":32}},"loc":{"start":{"line":21,"column":43},"end":{"line":23,"column":1}},"line":21}},"branchMap":{"0":{"loc":{"start":{"line":3,"column":2},"end":{"line":3,"column":102}},"type":"if","locations":[{"start":{"line":3,"column":2},"end":{"line":3,"column":102}},{"start":{},"end":{}}],"line":3},"1":{"loc":{"start":{"line":3,"column":6},"end":{"line":3,"column":60}},"type":"binary-expr","locations":[{"start":{"line":3,"column":6},"end":{"line":3,"column":18}},{"start":{"line":3,"column":22},"end":{"line":3,"column":39}},{"start":{"line":3,"column":43},"end":{"line":3,"column":60}}],"line":3},"2":{"loc":{"start":{"line":4,"column":2},"end":{"line":4,"column":104}},"type":"if","locations":[{"start":{"line":4,"column":2},"end":{"line":4,"column":104}},{"start":{},"end":{}}],"line":4},"3":{"loc":{"start":{"line":11,"column":4},"end":{"line":11,"column":54}},"type":"cond-expr","locations":[{"start":{"line":11,"column":20},"end":{"line":11,"column":48}},{"start":{"line":11,"column":51},"end":{"line":11,"column":54}}],"line":11},"4":{"loc":{"start":{"line":22,"column":9},"end":{"line":22,"column":57}},"type":"binary-expr","locations":[{"start":{"line":22,"column":9},"end":{"line":22,"column":19}},{"start":{"line":22,"column":23},"end":{"line":22,"column":38}},{"start":{"line":22,"column":42},"end":{"line":22,"column":57}}],"line":22}},"s":{"0":12,"1":6,"2":6,"3":8,"4":2,"5":4,"6":4,"7":8,"8":4,"9":8,"10":12},"f":{"0":12,"1":8,"2":4,"3":8,"4":4,"5":8,"6":12},"b":{"0":[6,6],"1":[12,8,6],"2":[2,4],"3":[2,6],"4":[12,9,3]},"_coverageSchema":"1a1c01bbd47fc00a2c39e90264f33305004495a9","hash":"76b5a81773d656c92c487ec7bf291fa3ce1cd9d7"}
,"/Users/alexsiroli/expense-tracker/src/features/expenses/expenseLogic.js": {"path":"/Users/alexsiroli/expense-tracker/src/features/expenses/expenseLogic.js","statementMap":{"0":{"start":{"line":3,"column":2},"end":{"line":3,"column":72}},"1":{"start":{"line":3,"column":36},"end":{"line":3,"column":72}},"2":{"start":{"line":5,"column":19},"end":{"line":5,"column":69}},"3":{"start":{"line":6,"column":2},"end":{"line":6,"column":56}},"4":{"start":{"line":11,"column":2},"end":{"line":13,"column":4}},"5":{"start":{"line":12,"column":4},"end":{"line":12,"column":48}},"6":{"start":{"line":18,"column":2},"end":{"line":18,"column":43}},"7":{"start":{"line":18,"column":30},"end":{"line":18,"column":41}},"8":{"start":{"line":23,"column":2},"end":{"line":26,"column":19}}},"fnMap":{"0":{"name":"addExpense","decl":{"start":{"line":2,"column":16},"end":{"line":2,"column":26}},"loc":{"start":{"line":2,"column":49},"end":{"line":7,"column":1}},"line":2},"1":{"name":"editExpense","decl":{"start":{"line":10,"column":16},"end":{"line":10,"column":27}},"loc":{"start":{"line":10,"column":57},"end":{"line":14,"column":1}},"line":10},"2":{"name":"(anonymous_2)","decl":{"start":{"line":11,"column":22},"end":{"line":11,"column":23}},"loc":{"start":{"line":12,"column":4},"end":{"line":12,"column":48}},"line":12},"3":{"name":"deleteExpense","decl":{"start":{"line":17,"column":16},"end":{"line":17,"column":29}},"loc":{"start":{"line":17,"column":44},"end":{"line":19,"column":1}},"line":17},"4":{"name":"(anonymous_4)","decl":{"start":{"line":18,"column":25},"end":{"line":18,"column":26}},"loc":{"start":{"line":18,"column":30},"end":{"line":18,"column":41}},"line":18},"5":{"name":"validateExpense","decl":{"start":{"line":22,"column":16},"end":{"line":22,"column":31}},"loc":{"start":{"line":22,"column":41},"end":{"line":27,"column":1}},"line":22}},"branchMap":{"0":{"loc":{"start":{"line":3,"column":2},"end":{"line":3,"column":72}},"type":"if","locations":[{"start":{"line":3,"column":2},"end":{"line":3,"column":72}},{"start":{},"end":{}}],"line":3},"1":{"loc":{"start":{"line":12,"column":4},"end":{"line":12,"column":48}},"type":"cond-expr","locations":[{"start":{"line":12,"column":18},"end":{"line":12,"column":44}},{"start":{"line":12,"column":47},"end":{"line":12,"column":48}}],"line":12},"2":{"loc":{"start":{"line":23,"column":9},"end":{"line":26,"column":18}},"type":"binary-expr","locations":[{"start":{"line":23,"column":9},"end":{"line":23,"column":18}},{"start":{"line":24,"column":4},"end":{"line":24,"column":38}},{"start":{"line":24,"column":42},"end":{"line":24,"column":60}},{"start":{"line":25,"column":4},"end":{"line":25,"column":22}},{"start":{"line":26,"column":4},"end":{"line":26,"column":18}}],"line":23}},"s":{"0":16,"1":6,"2":10,"3":10,"4":5,"5":8,"6":4,"7":6,"8":29},"f":{"0":16,"1":5,"2":8,"3":4,"4":6,"5":29},"b":{"0":[6,10],"1":[3,5],"2":[29,22,18,14,13]},"_coverageSchema":"1a1c01bbd47fc00a2c39e90264f33305004495a9","hash":"79264dd8fbfd516df50785a915922c165dc2e3a0"}
,"/Users/alexsiroli/expense-tracker/src/features/expenses/incomeLogic.js": {"path":"/Users/alexsiroli/expense-tracker/src/features/expenses/incomeLogic.js","statementMap":{"0":{"start":{"line":3,"column":2},"end":{"line":3,"column":72}},"1":{"start":{"line":3,"column":34},"end":{"line":3,"column":72}},"2":{"start":{"line":5,"column":19},"end":{"line":5,"column":69}},"3":{"start":{"line":6,"column":2},"end":{"line":6,"column":54}},"4":{"start":{"line":11,"column":2},"end":{"line":13,"column":4}},"5":{"start":{"line":12,"column":4},"end":{"line":12,"column":48}},"6":{"start":{"line":18,"column":2},"end":{"line":18,"column":42}},"7":{"start":{"line":18,"column":29},"end":{"line":18,"column":40}},"8":{"start":{"line":23,"column":2},"end":{"line":26,"column":18}}},"fnMap":{"0":{"name":"addIncome","decl":{"start":{"line":2,"column":16},"end":{"line":2,"column":25}},"loc":{"start":{"line":2,"column":46},"end":{"line":7,"column":1}},"line":2},"1":{"name":"editIncome","decl":{"start":{"line":10,"column":16},"end":{"line":10,"column":26}},"loc":{"start":{"line":10,"column":55},"end":{"line":14,"column":1}},"line":10},"2":{"name":"(anonymous_2)","decl":{"start":{"line":11,"column":21},"end":{"line":11,"column":22}},"loc":{"start":{"line":12,"column":4},"end":{"line":12,"column":48}},"line":12},"3":{"name":"deleteIncome","decl":{"start":{"line":17,"column":16},"end":{"line":17,"column":28}},"loc":{"start":{"line":17,"column":42},"end":{"line":19,"column":1}},"line":17},"4":{"name":"(anonymous_4)","decl":{"start":{"line":18,"column":24},"end":{"line":18,"column":25}},"loc":{"start":{"line":18,"column":29},"end":{"line":18,"column":40}},"line":18},"5":{"name":"validateIncome","decl":{"start":{"line":22,"column":16},"end":{"line":22,"column":30}},"loc":{"start":{"line":22,"column":39},"end":{"line":27,"column":1}},"line":22}},"branchMap":{"0":{"loc":{"start":{"line":3,"column":2},"end":{"line":3,"column":72}},"type":"if","locations":[{"start":{"line":3,"column":2},"end":{"line":3,"column":72}},{"start":{},"end":{}}],"line":3},"1":{"loc":{"start":{"line":12,"column":4},"end":{"line":12,"column":48}},"type":"cond-expr","locations":[{"start":{"line":12,"column":18},"end":{"line":12,"column":44}},{"start":{"line":12,"column":47},"end":{"line":12,"column":48}}],"line":12},"2":{"loc":{"start":{"line":23,"column":9},"end":{"line":26,"column":17}},"type":"binary-expr","locations":[{"start":{"line":23,"column":9},"end":{"line":23,"column":17}},{"start":{"line":24,"column":4},"end":{"line":24,"column":37}},{"start":{"line":24,"column":41},"end":{"line":24,"column":58}},{"start":{"line":25,"column":4},"end":{"line":25,"column":21}},{"start":{"line":26,"column":4},"end":{"line":26,"column":17}}],"line":23}},"s":{"0":16,"1":6,"2":10,"3":10,"4":5,"5":8,"6":4,"7":6,"8":29},"f":{"0":16,"1":5,"2":8,"3":4,"4":6,"5":29},"b":{"0":[6,10],"1":[3,5],"2":[29,22,18,14,13]},"_coverageSchema":"1a1c01bbd47fc00a2c39e90264f33305004495a9","hash":"8bd4ef431a069a055747c984ee99a13b26f79e5b"}
,"/Users/alexsiroli/expense-tracker/src/features/statistics/statisticsLogic.js": {"path":"/Users/alexsiroli/expense-tracker/src/features/statistics/statisticsLogic.js","statementMap":{"0":{"start":{"line":3,"column":24},"end":{"line":3,"column":126}},"1":{"start":{"line":3,"column":45},"end":{"line":3,"column":75}},"2":{"start":{"line":3,"column":96},"end":{"line":3,"column":122}},"3":{"start":{"line":4,"column":23},"end":{"line":4,"column":124}},"4":{"start":{"line":4,"column":43},"end":{"line":4,"column":73}},"5":{"start":{"line":4,"column":94},"end":{"line":4,"column":120}},"6":{"start":{"line":5,"column":2},"end":{"line":5,"column":80}},"7":{"start":{"line":10,"column":2},"end":{"line":14,"column":11}},"8":{"start":{"line":10,"column":27},"end":{"line":10,"column":115}},"9":{"start":{"line":12,"column":6},"end":{"line":12,"column":70}},"10":{"start":{"line":13,"column":6},"end":{"line":13,"column":17}},"11":{"start":{"line":19,"column":17},"end":{"line":19,"column":19}},"12":{"start":{"line":20,"column":2},"end":{"line":26,"column":5}},"13":{"start":{"line":20,"column":27},"end":{"line":20,"column":57}},"14":{"start":{"line":20,"column":83},"end":{"line":20,"column":113}},"15":{"start":{"line":21,"column":17},"end":{"line":21,"column":36}},"16":{"start":{"line":22,"column":21},"end":{"line":22,"column":92}},"17":{"start":{"line":23,"column":4},"end":{"line":23,"column":88}},"18":{"start":{"line":23,"column":27},"end":{"line":23,"column":88}},"19":{"start":{"line":24,"column":4},"end":{"line":25,"column":61}},"20":{"start":{"line":24,"column":33},"end":{"line":24,"column":83}},"21":{"start":{"line":25,"column":9},"end":{"line":25,"column":61}},"22":{"start":{"line":27,"column":2},"end":{"line":27,"column":78}},"23":{"start":{"line":27,"column":46},"end":{"line":27,"column":76}},"24":{"start":{"line":32,"column":2},"end":{"line":37,"column":11}},"25":{"start":{"line":32,"column":27},"end":{"line":32,"column":87}},"26":{"start":{"line":34,"column":20},"end":{"line":34,"column":46}},"27":{"start":{"line":35,"column":6},"end":{"line":35,"column":60}},"28":{"start":{"line":36,"column":6},"end":{"line":36,"column":17}},"29":{"start":{"line":42,"column":14},"end":{"line":42,"column":16}},"30":{"start":{"line":43,"column":2},"end":{"line":48,"column":5}},"31":{"start":{"line":43,"column":23},"end":{"line":43,"column":53}},"32":{"start":{"line":44,"column":14},"end":{"line":44,"column":30}},"33":{"start":{"line":45,"column":16},"end":{"line":45,"column":81}},"34":{"start":{"line":46,"column":4},"end":{"line":46,"column":55}},"35":{"start":{"line":46,"column":19},"end":{"line":46,"column":55}},"36":{"start":{"line":47,"column":4},"end":{"line":47,"column":43}},"37":{"start":{"line":49,"column":2},"end":{"line":54,"column":5}},"38":{"start":{"line":49,"column":22},"end":{"line":49,"column":52}},"39":{"start":{"line":50,"column":14},"end":{"line":50,"column":30}},"40":{"start":{"line":51,"column":16},"end":{"line":51,"column":81}},"41":{"start":{"line":52,"column":4},"end":{"line":52,"column":55}},"42":{"start":{"line":52,"column":19},"end":{"line":52,"column":55}},"43":{"start":{"line":53,"column":4},"end":{"line":53,"column":45}},"44":{"start":{"line":55,"column":2},"end":{"line":58,"column":5}},"45":{"start":{"line":56,"column":14},"end":{"line":56,"column":48}},"46":{"start":{"line":57,"column":4},"end":{"line":57,"column":54}},"47":{"start":{"line":63,"column":15},"end":{"line":63,"column":31}},"48":{"start":{"line":64,"column":17},"end":{"line":64,"column":33}},"49":{"start":{"line":65,"column":2},"end":{"line":70,"column":5}},"50":{"start":{"line":65,"column":23},"end":{"line":65,"column":53}},"51":{"start":{"line":66,"column":14},"end":{"line":66,"column":30}},"52":{"start":{"line":67,"column":16},"end":{"line":67,"column":36}},"53":{"start":{"line":68,"column":4},"end":{"line":68,"column":38}},"54":{"start":{"line":69,"column":4},"end":{"line":69,"column":18}},"55":{"start":{"line":71,"column":2},"end":{"line":71,"column":63}},"56":{"start":{"line":71,"column":30},"end":{"line":71,"column":61}}},"fnMap":{"0":{"name":"getTotal","decl":{"start":{"line":2,"column":16},"end":{"line":2,"column":24}},"loc":{"start":{"line":2,"column":44},"end":{"line":6,"column":1}},"line":2},"1":{"name":"(anonymous_1)","decl":{"start":{"line":3,"column":40},"end":{"line":3,"column":41}},"loc":{"start":{"line":3,"column":45},"end":{"line":3,"column":75}},"line":3},"2":{"name":"(anonymous_2)","decl":{"start":{"line":3,"column":84},"end":{"line":3,"column":85}},"loc":{"start":{"line":3,"column":96},"end":{"line":3,"column":122}},"line":3},"3":{"name":"(anonymous_3)","decl":{"start":{"line":4,"column":38},"end":{"line":4,"column":39}},"loc":{"start":{"line":4,"column":43},"end":{"line":4,"column":73}},"line":4},"4":{"name":"(anonymous_4)","decl":{"start":{"line":4,"column":82},"end":{"line":4,"column":83}},"loc":{"start":{"line":4,"column":94},"end":{"line":4,"column":120}},"line":4},"5":{"name":"getByCategory","decl":{"start":{"line":9,"column":16},"end":{"line":9,"column":29}},"loc":{"start":{"line":9,"column":37},"end":{"line":15,"column":1}},"line":9},"6":{"name":"(anonymous_6)","decl":{"start":{"line":10,"column":22},"end":{"line":10,"column":23}},"loc":{"start":{"line":10,"column":27},"end":{"line":10,"column":115}},"line":10},"7":{"name":"(anonymous_7)","decl":{"start":{"line":11,"column":12},"end":{"line":11,"column":13}},"loc":{"start":{"line":11,"column":24},"end":{"line":14,"column":5}},"line":11},"8":{"name":"getMonthlyData","decl":{"start":{"line":18,"column":16},"end":{"line":18,"column":30}},"loc":{"start":{"line":18,"column":50},"end":{"line":28,"column":1}},"line":18},"9":{"name":"(anonymous_9)","decl":{"start":{"line":20,"column":22},"end":{"line":20,"column":23}},"loc":{"start":{"line":20,"column":27},"end":{"line":20,"column":57}},"line":20},"10":{"name":"(anonymous_10)","decl":{"start":{"line":20,"column":78},"end":{"line":20,"column":79}},"loc":{"start":{"line":20,"column":83},"end":{"line":20,"column":113}},"line":20},"11":{"name":"(anonymous_11)","decl":{"start":{"line":20,"column":124},"end":{"line":20,"column":125}},"loc":{"start":{"line":20,"column":132},"end":{"line":26,"column":3}},"line":20},"12":{"name":"(anonymous_12)","decl":{"start":{"line":27,"column":36},"end":{"line":27,"column":37}},"loc":{"start":{"line":27,"column":46},"end":{"line":27,"column":76}},"line":27},"13":{"name":"getByStore","decl":{"start":{"line":31,"column":16},"end":{"line":31,"column":26}},"loc":{"start":{"line":31,"column":34},"end":{"line":38,"column":1}},"line":31},"14":{"name":"(anonymous_14)","decl":{"start":{"line":32,"column":22},"end":{"line":32,"column":23}},"loc":{"start":{"line":32,"column":27},"end":{"line":32,"column":87}},"line":32},"15":{"name":"(anonymous_15)","decl":{"start":{"line":33,"column":12},"end":{"line":33,"column":13}},"loc":{"start":{"line":33,"column":24},"end":{"line":37,"column":5}},"line":33},"16":{"name":"getMonthlyBalance","decl":{"start":{"line":41,"column":16},"end":{"line":41,"column":33}},"loc":{"start":{"line":41,"column":64},"end":{"line":59,"column":1}},"line":41},"17":{"name":"(anonymous_17)","decl":{"start":{"line":43,"column":18},"end":{"line":43,"column":19}},"loc":{"start":{"line":43,"column":23},"end":{"line":43,"column":53}},"line":43},"18":{"name":"(anonymous_18)","decl":{"start":{"line":43,"column":63},"end":{"line":43,"column":64}},"loc":{"start":{"line":43,"column":68},"end":{"line":48,"column":3}},"line":43},"19":{"name":"(anonymous_19)","decl":{"start":{"line":49,"column":17},"end":{"line":49,"column":18}},"loc":{"start":{"line":49,"column":22},"end":{"line":49,"column":52}},"line":49},"20":{"name":"(anonymous_20)","decl":{"start":{"line":49,"column":62},"end":{"line":49,"column":63}},"loc":{"start":{"line":49,"column":67},"end":{"line":54,"column":3}},"line":49},"21":{"name":"(anonymous_21)","decl":{"start":{"line":55,"column":23},"end":{"line":55,"column":24}},"loc":{"start":{"line":55,"column":28},"end":{"line":58,"column":3}},"line":55},"22":{"name":"getDailyAvgHeatmap","decl":{"start":{"line":62,"column":16},"end":{"line":62,"column":34}},"loc":{"start":{"line":62,"column":45},"end":{"line":72,"column":1}},"line":62},"23":{"name":"(anonymous_23)","decl":{"start":{"line":65,"column":18},"end":{"line":65,"column":19}},"loc":{"start":{"line":65,"column":23},"end":{"line":65,"column":53}},"line":65},"24":{"name":"(anonymous_24)","decl":{"start":{"line":65,"column":63},"end":{"line":65,"column":64}},"loc":{"start":{"line":65,"column":68},"end":{"line":70,"column":3}},"line":65},"25":{"name":"(anonymous_25)","decl":{"start":{"line":71,"column":18},"end":{"line":71,"column":19}},"loc":{"start":{"line":71,"column":30},"end":{"line":71,"column":61}},"line":71}},"branchMap":{"0":{"loc":{"start":{"line":10,"column":27},"end":{"line":10,"column":115}},"type":"binary-expr","locations":[{"start":{"line":10,"column":27},"end":{"line":10,"column":28}},{"start":{"line":10,"column":32},"end":{"line":10,"column":53}},{"start":{"line":10,"column":57},"end":{"line":10,"column":87}},{"start":{"line":10,"column":91},"end":{"line":10,"column":115}}],"line":10},"1":{"loc":{"start":{"line":12,"column":25},"end":{"line":12,"column":45}},"type":"binary-expr","locations":[{"start":{"line":12,"column":25},"end":{"line":12,"column":40}},{"start":{"line":12,"column":44},"end":{"line":12,"column":45}}],"line":12},"2":{"loc":{"start":{"line":23,"column":4},"end":{"line":23,"column":88}},"type":"if","locations":[{"start":{"line":23,"column":4},"end":{"line":23,"column":88}},{"start":{},"end":{}}],"line":23},"3":{"loc":{"start":{"line":24,"column":4},"end":{"line":25,"column":61}},"type":"if","locations":[{"start":{"line":24,"column":4},"end":{"line":25,"column":61}},{"start":{"line":25,"column":9},"end":{"line":25,"column":61}}],"line":24},"4":{"loc":{"start":{"line":32,"column":27},"end":{"line":32,"column":87}},"type":"binary-expr","locations":[{"start":{"line":32,"column":27},"end":{"line":32,"column":28}},{"start":{"line":32,"column":32},"end":{"line":32,"column":53}},{"start":{"line":32,"column":57},"end":{"line":32,"column":87}}],"line":32},"5":{"loc":{"start":{"line":34,"column":20},"end":{"line":34,"column":46}},"type":"binary-expr","locations":[{"start":{"line":34,"column":20},"end":{"line":34,"column":27}},{"start":{"line":34,"column":31},"end":{"line":34,"column":46}}],"line":34},"6":{"loc":{"start":{"line":35,"column":20},"end":{"line":35,"column":35}},"type":"binary-expr","locations":[{"start":{"line":35,"column":20},"end":{"line":35,"column":30}},{"start":{"line":35,"column":34},"end":{"line":35,"column":35}}],"line":35},"7":{"loc":{"start":{"line":46,"column":4},"end":{"line":46,"column":55}},"type":"if","locations":[{"start":{"line":46,"column":4},"end":{"line":46,"column":55}},{"start":{},"end":{}}],"line":46},"8":{"loc":{"start":{"line":52,"column":4},"end":{"line":52,"column":55}},"type":"if","locations":[{"start":{"line":52,"column":4},"end":{"line":52,"column":55}},{"start":{},"end":{}}],"line":52},"9":{"loc":{"start":{"line":56,"column":14},"end":{"line":56,"column":48}},"type":"binary-expr","locations":[{"start":{"line":56,"column":14},"end":{"line":56,"column":20}},{"start":{"line":56,"column":24},"end":{"line":56,"column":48}}],"line":56},"10":{"loc":{"start":{"line":71,"column":30},"end":{"line":71,"column":61}},"type":"cond-expr","locations":[{"start":{"line":71,"column":42},"end":{"line":71,"column":57}},{"start":{"line":71,"column":60},"end":{"line":71,"column":61}}],"line":71}},"s":{"0":2,"1":4,"2":3,"3":2,"4":3,"5":2,"6":2,"7":3,"8":6,"9":3,"10":3,"11":3,"12":3,"13":5,"14":4,"15":7,"16":7,"17":7,"18":3,"19":7,"20":4,"21":3,"22":3,"23":1,"24":2,"25":5,"26":4,"27":4,"28":4,"29":2,"30":2,"31":4,"32":3,"33":3,"34":3,"35":2,"36":3,"37":2,"38":3,"39":2,"40":2,"41":2,"42":0,"43":2,"44":2,"45":3,"46":3,"47":2,"48":2,"49":2,"50":4,"51":3,"52":3,"53":3,"54":3,"55":2,"56":14},"f":{"0":2,"1":4,"2":3,"3":3,"4":2,"5":3,"6":6,"7":3,"8":3,"9":5,"10":4,"11":7,"12":1,"13":2,"14":5,"15":4,"16":2,"17":4,"18":3,"19":3,"20":2,"21":3,"22":2,"23":4,"24":3,"25":14},"b":{"0":[6,4,4,3],"1":[3,2],"2":[3,4],"3":[4,3],"4":[5,5,5],"5":[4,1],"6":[4,4],"7":[2,1],"8":[0,2],"9":[3,1],"10":[3,11]},"_coverageSchema":"1a1c01bbd47fc00a2c39e90264f33305004495a9","hash":"69ede6ed7f4d242c385e6de2d6b6616cf7bdb272"}
,"/Users/alexsiroli/expense-tracker/src/features/wallets/walletLogic.js": {"path":"/Users/alexsiroli/expense-tracker/src/features/wallets/walletLogic.js","statementMap":{"0":{"start":{"line":3,"column":2},"end":{"line":3,"column":93}},"1":{"start":{"line":3,"column":57},"end":{"line":3,"column":93}},"2":{"start":{"line":4,"column":2},"end":{"line":4,"column":91}},"3":{"start":{"line":4,"column":24},"end":{"line":4,"column":49}},"4":{"start":{"line":4,"column":52},"end":{"line":4,"column":91}},"5":{"start":{"line":5,"column":2},"end":{"line":5,"column":136}},"6":{"start":{"line":10,"column":2},"end":{"line":12,"column":4}},"7":{"start":{"line":11,"column":4},"end":{"line":11,"column":48}},"8":{"start":{"line":17,"column":2},"end":{"line":17,"column":42}},"9":{"start":{"line":17,"column":29},"end":{"line":17,"column":40}},"10":{"start":{"line":22,"column":2},"end":{"line":22,"column":53}},"11":{"start":{"line":27,"column":2},"end":{"line":27,"column":24}},"12":{"start":{"line":27,"column":15},"end":{"line":27,"column":24}},"13":{"start":{"line":28,"column":18},"end":{"line":28,"column":113}},"14":{"start":{"line":28,"column":38},"end":{"line":28,"column":62}},"15":{"start":{"line":28,"column":83},"end":{"line":28,"column":109}},"16":{"start":{"line":29,"column":19},"end":{"line":29,"column":115}},"17":{"start":{"line":29,"column":40},"end":{"line":29,"column":64}},"18":{"start":{"line":29,"column":85},"end":{"line":29,"column":111}},"19":{"start":{"line":30,"column":22},"end":{"line":30,"column":98}},"20":{"start":{"line":31,"column":2},"end":{"line":31,"column":42}}},"fnMap":{"0":{"name":"addWallet","decl":{"start":{"line":2,"column":16},"end":{"line":2,"column":25}},"loc":{"start":{"line":2,"column":46},"end":{"line":6,"column":1}},"line":2},"1":{"name":"(anonymous_1)","decl":{"start":{"line":4,"column":19},"end":{"line":4,"column":20}},"loc":{"start":{"line":4,"column":24},"end":{"line":4,"column":49}},"line":4},"2":{"name":"editWallet","decl":{"start":{"line":9,"column":16},"end":{"line":9,"column":26}},"loc":{"start":{"line":9,"column":55},"end":{"line":13,"column":1}},"line":9},"3":{"name":"(anonymous_3)","decl":{"start":{"line":10,"column":21},"end":{"line":10,"column":22}},"loc":{"start":{"line":11,"column":4},"end":{"line":11,"column":48}},"line":11},"4":{"name":"deleteWallet","decl":{"start":{"line":16,"column":16},"end":{"line":16,"column":28}},"loc":{"start":{"line":16,"column":42},"end":{"line":18,"column":1}},"line":16},"5":{"name":"(anonymous_5)","decl":{"start":{"line":17,"column":24},"end":{"line":17,"column":25}},"loc":{"start":{"line":17,"column":29},"end":{"line":17,"column":40}},"line":17},"6":{"name":"validateWallet","decl":{"start":{"line":21,"column":16},"end":{"line":21,"column":30}},"loc":{"start":{"line":21,"column":39},"end":{"line":23,"column":1}},"line":21},"7":{"name":"calculateWalletBalance","decl":{"start":{"line":26,"column":16},"end":{"line":26,"column":38}},"loc":{"start":{"line":26,"column":66},"end":{"line":32,"column":1}},"line":26},"8":{"name":"(anonymous_8)","decl":{"start":{"line":28,"column":33},"end":{"line":28,"column":34}},"loc":{"start":{"line":28,"column":38},"end":{"line":28,"column":62}},"line":28},"9":{"name":"(anonymous_9)","decl":{"start":{"line":28,"column":71},"end":{"line":28,"column":72}},"loc":{"start":{"line":28,"column":83},"end":{"line":28,"column":109}},"line":28},"10":{"name":"(anonymous_10)","decl":{"start":{"line":29,"column":35},"end":{"line":29,"column":36}},"loc":{"start":{"line":29,"column":40},"end":{"line":29,"column":64}},"line":29},"11":{"name":"(anonymous_11)","decl":{"start":{"line":29,"column":73},"end":{"line":29,"column":74}},"loc":{"start":{"line":29,"column":85},"end":{"line":29,"column":111}},"line":29}},"branchMap":{"0":{"loc":{"start":{"line":3,"column":2},"end":{"line":3,"column":93}},"type":"if","locations":[{"start":{"line":3,"column":2},"end":{"line":3,"column":93}},{"start":{},"end":{}}],"line":3},"1":{"loc":{"start":{"line":3,"column":6},"end":{"line":3,"column":55}},"type":"binary-expr","locations":[{"start":{"line":3,"column":6},"end":{"line":3,"column":16}},{"start":{"line":3,"column":20},"end":{"line":3,"column":35}},{"start":{"line":3,"column":39},"end":{"line":3,"column":55}}],"line":3},"2":{"loc":{"start":{"line":4,"column":2},"end":{"line":4,"column":91}},"type":"if","locations":[{"start":{"line":4,"column":2},"end":{"line":4,"column":91}},{"start":{},"end":{}}],"line":4},"3":{"loc":{"start":{"line":5,"column":63},"end":{"line":5,"column":85}},"type":"binary-expr","locations":[{"start":{"line":5,"column":63},"end":{"line":5,"column":80}},{"start":{"line":5,"column":84},"end":{"line":5,"column":85}}],"line":5},"4":{"loc":{"start":{"line":5,"column":103},"end":{"line":5,"column":132}},"type":"binary-expr","locations":[{"start":{"line":5,"column":103},"end":{"line":5,"column":127}},{"start":{"line":5,"column":131},"end":{"line":5,"column":132}}],"line":5},"5":{"loc":{"start":{"line":11,"column":4},"end":{"line":11,"column":48}},"type":"cond-expr","locations":[{"start":{"line":11,"column":18},"end":{"line":11,"column":44}},{"start":{"line":11,"column":47},"end":{"line":11,"column":48}}],"line":11},"6":{"loc":{"start":{"line":22,"column":9},"end":{"line":22,"column":52}},"type":"binary-expr","locations":[{"start":{"line":22,"column":9},"end":{"line":22,"column":17}},{"start":{"line":22,"column":21},"end":{"line":22,"column":34}},{"start":{"line":22,"column":38},"end":{"line":22,"column":52}}],"line":22},"7":{"loc":{"start":{"line":27,"column":2},"end":{"line":27,"column":24}},"type":"if","locations":[{"start":{"line":27,"column":2},"end":{"line":27,"column":24}},{"start":{},"end":{}}],"line":27},"8":{"loc":{"start":{"line":30,"column":22},"end":{"line":30,"column":98}},"type":"cond-expr","locations":[{"start":{"line":30,"column":60},"end":{"line":30,"column":81}},{"start":{"line":30,"column":84},"end":{"line":30,"column":98}}],"line":30}},"s":{"0":12,"1":6,"2":6,"3":9,"4":2,"5":4,"6":4,"7":8,"8":4,"9":8,"10":12,"11":5,"12":1,"13":4,"14":6,"15":3,"16":4,"17":6,"18":3,"19":4,"20":4},"f":{"0":12,"1":9,"2":4,"3":8,"4":4,"5":8,"6":12,"7":5,"8":6,"9":3,"10":6,"11":3},"b":{"0":[6,6],"1":[12,8,6],"2":[2,4],"3":[4,3],"4":[4,4],"5":[2,6],"6":[12,9,3],"7":[1,4],"8":[4,0]},"_coverageSchema":"1a1c01bbd47fc00a2c39e90264f33305004495a9","hash":"8915b9b69270d8e44d32d5eb40f4d5c74ad8d7b0"}
,"/Users/alexsiroli/expense-tracker/src/utils/easterEggs.js": {"path":"/Users/alexsiroli/expense-tracker/src/utils/easterEggs.js","statementMap":{"0":{"start":{"line":2,"column":26},"end":{"line":93,"column":1}},"1":{"start":{"line":96,"column":28},"end":{"line":98,"column":1}},"2":{"start":{"line":97,"column":2},"end":{"line":97,"column":32}},"3":{"start":{"line":101,"column":32},"end":{"line":103,"column":1}},"4":{"start":{"line":102,"column":2},"end":{"line":102,"column":35}},"5":{"start":{"line":106,"column":34},"end":{"line":108,"column":1}},"6":{"start":{"line":107,"column":2},"end":{"line":107,"column":50}},"7":{"start":{"line":107,"column":39},"end":{"line":107,"column":48}},"8":{"start":{"line":111,"column":39},"end":{"line":130,"column":1}},"9":{"start":{"line":121,"column":6},"end":{"line":121,"column":19}},"10":{"start":{"line":122,"column":2},"end":{"line":122,"column":66}},"11":{"start":{"line":122,"column":44},"end":{"line":122,"column":66}},"12":{"start":{"line":123,"column":2},"end":{"line":123,"column":62}},"13":{"start":{"line":123,"column":42},"end":{"line":123,"column":62}},"14":{"start":{"line":124,"column":2},"end":{"line":124,"column":62}},"15":{"start":{"line":124,"column":42},"end":{"line":124,"column":62}},"16":{"start":{"line":125,"column":2},"end":{"line":125,"column":62}},"17":{"start":{"line":125,"column":42},"end":{"line":125,"column":62}},"18":{"start":{"line":126,"column":2},"end":{"line":126,"column":66}},"19":{"start":{"line":126,"column":44},"end":{"line":126,"column":66}},"20":{"start":{"line":127,"column":2},"end":{"line":127,"column":72}},"21":{"start":{"line":127,"column":47},"end":{"line":127,"column":72}},"22":{"start":{"line":128,"column":2},"end":{"line":128,"column":76}},"23":{"start":{"line":128,"column":49},"end":{"line":128,"column":76}},"24":{"start":{"line":129,"column":2},"end":{"line":129,"column":88}},"25":{"start":{"line":129,"column":55},"end":{"line":129,"column":88}},"26":{"start":{"line":133,"column":33},"end":{"line":173,"column":1}},"27":{"start":{"line":134,"column":20},"end":{"line":134,"column":36}},"28":{"start":{"line":135,"column":2},"end":{"line":135,"column":31}},"29":{"start":{"line":135,"column":18},"end":{"line":135,"column":31}},"30":{"start":{"line":145,"column":6},"end":{"line":145,"column":19}},"31":{"start":{"line":146,"column":2},"end":{"line":171,"column":3}},"32":{"start":{"line":148,"column":6},"end":{"line":148,"column":69}},"33":{"start":{"line":148,"column":48},"end":{"line":148,"column":69}},"34":{"start":{"line":149,"column":6},"end":{"line":149,"column":12}},"35":{"start":{"line":151,"column":6},"end":{"line":151,"column":65}},"36":{"start":{"line":151,"column":46},"end":{"line":151,"column":65}},"37":{"start":{"line":152,"column":6},"end":{"line":152,"column":12}},"38":{"start":{"line":154,"column":6},"end":{"line":154,"column":65}},"39":{"start":{"line":154,"column":46},"end":{"line":154,"column":65}},"40":{"start":{"line":155,"column":6},"end":{"line":155,"column":12}},"41":{"start":{"line":157,"column":6},"end":{"line":157,"column":65}},"42":{"start":{"line":157,"column":46},"end":{"line":157,"column":65}},"43":{"start":{"line":158,"column":6},"end":{"line":158,"column":12}},"44":{"start":{"line":160,"column":6},"end":{"line":160,"column":69}},"45":{"start":{"line":160,"column":48},"end":{"line":160,"column":69}},"46":{"start":{"line":161,"column":6},"end":{"line":161,"column":12}},"47":{"start":{"line":163,"column":6},"end":{"line":163,"column":75}},"48":{"start":{"line":163,"column":51},"end":{"line":163,"column":75}},"49":{"start":{"line":164,"column":6},"end":{"line":164,"column":12}},"50":{"start":{"line":166,"column":6},"end":{"line":166,"column":79}},"51":{"start":{"line":166,"column":53},"end":{"line":166,"column":79}},"52":{"start":{"line":167,"column":6},"end":{"line":167,"column":12}},"53":{"start":{"line":169,"column":6},"end":{"line":169,"column":91}},"54":{"start":{"line":169,"column":59},"end":{"line":169,"column":91}},"55":{"start":{"line":170,"column":6},"end":{"line":170,"column":12}},"56":{"start":{"line":172,"column":2},"end":{"line":172,"column":14}},"57":{"start":{"line":176,"column":43},"end":{"line":223,"column":1}},"58":{"start":{"line":177,"column":26},"end":{"line":177,"column":40}},"59":{"start":{"line":178,"column":27},"end":{"line":180,"column":58}},"60":{"start":{"line":182,"column":23},"end":{"line":183,"column":54}},"61":{"start":{"line":185,"column":27},"end":{"line":186,"column":57}},"62":{"start":{"line":189,"column":2},"end":{"line":192,"column":3}},"63":{"start":{"line":190,"column":4},"end":{"line":190,"column":45}},"64":{"start":{"line":191,"column":4},"end":{"line":191,"column":24}},"65":{"start":{"line":195,"column":2},"end":{"line":198,"column":3}},"66":{"start":{"line":196,"column":4},"end":{"line":196,"column":47}},"67":{"start":{"line":197,"column":4},"end":{"line":197,"column":26}},"68":{"start":{"line":201,"column":2},"end":{"line":204,"column":3}},"69":{"start":{"line":202,"column":4},"end":{"line":202,"column":53}},"70":{"start":{"line":203,"column":4},"end":{"line":203,"column":32}},"71":{"start":{"line":207,"column":2},"end":{"line":210,"column":3}},"72":{"start":{"line":208,"column":4},"end":{"line":208,"column":50}},"73":{"start":{"line":209,"column":4},"end":{"line":209,"column":29}},"74":{"start":{"line":212,"column":2},"end":{"line":215,"column":3}},"75":{"start":{"line":213,"column":4},"end":{"line":213,"column":50}},"76":{"start":{"line":214,"column":4},"end":{"line":214,"column":29}},"77":{"start":{"line":217,"column":2},"end":{"line":220,"column":3}},"78":{"start":{"line":218,"column":4},"end":{"line":218,"column":56}},"79":{"start":{"line":219,"column":4},"end":{"line":219,"column":35}},"80":{"start":{"line":222,"column":2},"end":{"line":222,"column":14}},"81":{"start":{"line":226,"column":39},"end":{"line":235,"column":1}},"82":{"start":{"line":227,"column":2},"end":{"line":234,"column":3}},"83":{"start":{"line":228,"column":4},"end":{"line":228,"column":45}},"84":{"start":{"line":229,"column":4},"end":{"line":229,"column":69}},"85":{"start":{"line":230,"column":4},"end":{"line":230,"column":16}},"86":{"start":{"line":232,"column":4},"end":{"line":232,"column":63}},"87":{"start":{"line":233,"column":4},"end":{"line":233,"column":17}},"88":{"start":{"line":238,"column":40},"end":{"line":245,"column":1}},"89":{"start":{"line":239,"column":2},"end":{"line":244,"column":3}},"90":{"start":{"line":240,"column":4},"end":{"line":240,"column":51}},"91":{"start":{"line":242,"column":4},"end":{"line":242,"column":61}},"92":{"start":{"line":243,"column":4},"end":{"line":243,"column":17}},"93":{"start":{"line":248,"column":49},"end":{"line":259,"column":1}},"94":{"start":{"line":249,"column":2},"end":{"line":258,"column":3}},"95":{"start":{"line":250,"column":22},"end":{"line":250,"column":52}},"96":{"start":{"line":251,"column":4},"end":{"line":254,"column":8}},"97":{"start":{"line":251,"column":42},"end":{"line":254,"column":5}},"98":{"start":{"line":256,"column":4},"end":{"line":256,"column":66}},"99":{"start":{"line":257,"column":4},"end":{"line":257,"column":14}}},"fnMap":{"0":{"name":"(anonymous_0)","decl":{"start":{"line":96,"column":28},"end":{"line":96,"column":29}},"loc":{"start":{"line":96,"column":36},"end":{"line":98,"column":1}},"line":96},"1":{"name":"(anonymous_1)","decl":{"start":{"line":101,"column":32},"end":{"line":101,"column":33}},"loc":{"start":{"line":101,"column":38},"end":{"line":103,"column":1}},"line":101},"2":{"name":"(anonymous_2)","decl":{"start":{"line":106,"column":34},"end":{"line":106,"column":35}},"loc":{"start":{"line":106,"column":40},"end":{"line":108,"column":1}},"line":106},"3":{"name":"(anonymous_3)","decl":{"start":{"line":107,"column":32},"end":{"line":107,"column":33}},"loc":{"start":{"line":107,"column":39},"end":{"line":107,"column":48}},"line":107},"4":{"name":"(anonymous_4)","decl":{"start":{"line":111,"column":39},"end":{"line":111,"column":40}},"loc":{"start":{"line":111,"column":52},"end":{"line":130,"column":1}},"line":111},"5":{"name":"(anonymous_5)","decl":{"start":{"line":133,"column":33},"end":{"line":133,"column":34}},"loc":{"start":{"line":133,"column":50},"end":{"line":173,"column":1}},"line":133},"6":{"name":"(anonymous_6)","decl":{"start":{"line":176,"column":43},"end":{"line":176,"column":44}},"loc":{"start":{"line":176,"column":70},"end":{"line":223,"column":1}},"line":176},"7":{"name":"(anonymous_7)","decl":{"start":{"line":226,"column":39},"end":{"line":226,"column":40}},"loc":{"start":{"line":226,"column":85},"end":{"line":235,"column":1}},"line":226},"8":{"name":"(anonymous_8)","decl":{"start":{"line":238,"column":40},"end":{"line":238,"column":41}},"loc":{"start":{"line":238,"column":85},"end":{"line":245,"column":1}},"line":238},"9":{"name":"(anonymous_9)","decl":{"start":{"line":248,"column":49},"end":{"line":248,"column":50}},"loc":{"start":{"line":248,"column":83},"end":{"line":259,"column":1}},"line":248},"10":{"name":"(anonymous_10)","decl":{"start":{"line":251,"column":34},"end":{"line":251,"column":35}},"loc":{"start":{"line":251,"column":42},"end":{"line":254,"column":5}},"line":251}},"branchMap":{"0":{"loc":{"start":{"line":97,"column":9},"end":{"line":97,"column":31}},"type":"binary-expr","locations":[{"start":{"line":97,"column":9},"end":{"line":97,"column":23}},{"start":{"line":97,"column":27},"end":{"line":97,"column":31}}],"line":97},"1":{"loc":{"start":{"line":121,"column":6},"end":{"line":121,"column":19}},"type":"binary-expr","locations":[{"start":{"line":121,"column":6},"end":{"line":121,"column":13}},{"start":{"line":121,"column":17},"end":{"line":121,"column":19}}],"line":121},"2":{"loc":{"start":{"line":122,"column":2},"end":{"line":122,"column":66}},"type":"if","locations":[{"start":{"line":122,"column":2},"end":{"line":122,"column":66}},{"start":{},"end":{}}],"line":122},"3":{"loc":{"start":{"line":123,"column":2},"end":{"line":123,"column":62}},"type":"if","locations":[{"start":{"line":123,"column":2},"end":{"line":123,"column":62}},{"start":{},"end":{}}],"line":123},"4":{"loc":{"start":{"line":124,"column":2},"end":{"line":124,"column":62}},"type":"if","locations":[{"start":{"line":124,"column":2},"end":{"line":124,"column":62}},{"start":{},"end":{}}],"line":124},"5":{"loc":{"start":{"line":125,"column":2},"end":{"line":125,"column":62}},"type":"if","locations":[{"start":{"line":125,"column":2},"end":{"line":125,"column":62}},{"start":{},"end":{}}],"line":125},"6":{"loc":{"start":{"line":126,"column":2},"end":{"line":126,"column":66}},"type":"if","locations":[{"start":{"line":126,"column":2},"end":{"line":126,"column":66}},{"start":{},"end":{}}],"line":126},"7":{"loc":{"start":{"line":127,"column":2},"end":{"line":127,"column":72}},"type":"if","locations":[{"start":{"line":127,"column":2},"end":{"line":127,"column":72}},{"start":{},"end":{}}],"line":127},"8":{"loc":{"start":{"line":128,"column":2},"end":{"line":128,"column":76}},"type":"if","locations":[{"start":{"line":128,"column":2},"end":{"line":128,"column":76}},{"start":{},"end":{}}],"line":128},"9":{"loc":{"start":{"line":129,"column":2},"end":{"line":129,"column":88}},"type":"if","locations":[{"start":{"line":129,"column":2},"end":{"line":129,"column":88}},{"start":{},"end":{}}],"line":129},"10":{"loc":{"start":{"line":135,"column":2},"end":{"line":135,"column":31}},"type":"if","locations":[{"start":{"line":135,"column":2},"end":{"line":135,"column":31}},{"start":{},"end":{}}],"line":135},"11":{"loc":{"start":{"line":145,"column":6},"end":{"line":145,"column":19}},"type":"binary-expr","locations":[{"start":{"line":145,"column":6},"end":{"line":145,"column":13}},{"start":{"line":145,"column":17},"end":{"line":145,"column":19}}],"line":145},"12":{"loc":{"start":{"line":146,"column":2},"end":{"line":171,"column":3}},"type":"switch","locations":[{"start":{"line":147,"column":4},"end":{"line":149,"column":12}},{"start":{"line":150,"column":4},"end":{"line":152,"column":12}},{"start":{"line":153,"column":4},"end":{"line":155,"column":12}},{"start":{"line":156,"column":4},"end":{"line":158,"column":12}},{"start":{"line":159,"column":4},"end":{"line":161,"column":12}},{"start":{"line":162,"column":4},"end":{"line":164,"column":12}},{"start":{"line":165,"column":4},"end":{"line":167,"column":12}},{"start":{"line":168,"column":4},"end":{"line":170,"column":12}}],"line":146},"13":{"loc":{"start":{"line":148,"column":6},"end":{"line":148,"column":69}},"type":"if","locations":[{"start":{"line":148,"column":6},"end":{"line":148,"column":69}},{"start":{},"end":{}}],"line":148},"14":{"loc":{"start":{"line":151,"column":6},"end":{"line":151,"column":65}},"type":"if","locations":[{"start":{"line":151,"column":6},"end":{"line":151,"column":65}},{"start":{},"end":{}}],"line":151},"15":{"loc":{"start":{"line":154,"column":6},"end":{"line":154,"column":65}},"type":"if","locations":[{"start":{"line":154,"column":6},"end":{"line":154,"column":65}},{"start":{},"end":{}}],"line":154},"16":{"loc":{"start":{"line":157,"column":6},"end":{"line":157,"column":65}},"type":"if","locations":[{"start":{"line":157,"column":6},"end":{"line":157,"column":65}},{"start":{},"end":{}}],"line":157},"17":{"loc":{"start":{"line":160,"column":6},"end":{"line":160,"column":69}},"type":"if","locations":[{"start":{"line":160,"column":6},"end":{"line":160,"column":69}},{"start":{},"end":{}}],"line":160},"18":{"loc":{"start":{"line":163,"column":6},"end":{"line":163,"column":75}},"type":"if","locations":[{"start":{"line":163,"column":6},"end":{"line":163,"column":75}},{"start":{},"end":{}}],"line":163},"19":{"loc":{"start":{"line":166,"column":6},"end":{"line":166,"column":79}},"type":"if","locations":[{"start":{"line":166,"column":6},"end":{"line":166,"column":79}},{"start":{},"end":{}}],"line":166},"20":{"loc":{"start":{"line":169,"column":6},"end":{"line":169,"column":91}},"type":"if","locations":[{"start":{"line":169,"column":6},"end":{"line":169,"column":91}},{"start":{},"end":{}}],"line":169},"21":{"loc":{"start":{"line":178,"column":27},"end":{"line":180,"column":58}},"type":"binary-expr","locations":[{"start":{"line":178,"column":27},"end":{"line":178,"column":65}},{"start":{"line":179,"column":26},"end":{"line":179,"column":59}},{"start":{"line":180,"column":26},"end":{"line":180,"column":58}}],"line":178},"22":{"loc":{"start":{"line":182,"column":23},"end":{"line":183,"column":54}},"type":"binary-expr","locations":[{"start":{"line":182,"column":23},"end":{"line":182,"column":56}},{"start":{"line":183,"column":22},"end":{"line":183,"column":54}}],"line":182},"23":{"loc":{"start":{"line":185,"column":27},"end":{"line":186,"column":57}},"type":"binary-expr","locations":[{"start":{"line":185,"column":27},"end":{"line":185,"column":59}},{"start":{"line":186,"column":26},"end":{"line":186,"column":57}}],"line":185},"24":{"loc":{"start":{"line":189,"column":2},"end":{"line":192,"column":3}},"type":"if","locations":[{"start":{"line":189,"column":2},"end":{"line":192,"column":3}},{"start":{},"end":{}}],"line":189},"25":{"loc":{"start":{"line":195,"column":2},"end":{"line":198,"column":3}},"type":"if","locations":[{"start":{"line":195,"column":2},"end":{"line":198,"column":3}},{"start":{},"end":{}}],"line":195},"26":{"loc":{"start":{"line":201,"column":2},"end":{"line":204,"column":3}},"type":"if","locations":[{"start":{"line":201,"column":2},"end":{"line":204,"column":3}},{"start":{},"end":{}}],"line":201},"27":{"loc":{"start":{"line":207,"column":2},"end":{"line":210,"column":3}},"type":"if","locations":[{"start":{"line":207,"column":2},"end":{"line":210,"column":3}},{"start":{},"end":{}}],"line":207},"28":{"loc":{"start":{"line":212,"column":2},"end":{"line":215,"column":3}},"type":"if","locations":[{"start":{"line":212,"column":2},"end":{"line":215,"column":3}},{"start":{},"end":{}}],"line":212},"29":{"loc":{"start":{"line":217,"column":2},"end":{"line":220,"column":3}},"type":"if","locations":[{"start":{"line":217,"column":2},"end":{"line":220,"column":3}},{"start":{},"end":{}}],"line":217}},"s":{"0":1,"1":1,"2":11,"3":1,"4":4,"5":1,"6":2,"7":9,"8":1,"9":2,"10":2,"11":1,"12":2,"13":1,"14":2,"15":1,"16":2,"17":1,"18":2,"19":1,"20":2,"21":1,"22":2,"23":1,"24":2,"25":1,"26":1,"27":9,"28":9,"29":1,"30":8,"31":8,"32":2,"33":1,"34":2,"35":0,"36":0,"37":0,"38":0,"39":0,"40":0,"41":1,"42":1,"43":1,"44":1,"45":1,"46":1,"47":1,"48":1,"49":1,"50":1,"51":1,"52":1,"53":1,"54":1,"55":1,"56":8,"57":1,"58":10,"59":10,"60":10,"61":10,"62":10,"63":1,"64":1,"65":9,"66":1,"67":1,"68":8,"69":1,"70":1,"71":7,"72":1,"73":1,"74":6,"75":1,"76":1,"77":5,"78":1,"79":1,"80":4,"81":1,"82":2,"83":2,"84":1,"85":1,"86":1,"87":1,"88":1,"89":2,"90":2,"91":1,"92":1,"93":1,"94":2,"95":2,"96":1,"97":9,"98":1,"99":1},"f":{"0":11,"1":4,"2":2,"3":9,"4":2,"5":9,"6":10,"7":2,"8":2,"9":2,"10":9},"b":{"0":[11,2],"1":[2,0],"2":[1,1],"3":[1,1],"4":[1,1],"5":[1,1],"6":[1,1],"7":[1,1],"8":[1,1],"9":[1,1],"10":[1,8],"11":[8,0],"12":[2,0,0,1,1,1,1,1],"13":[1,1],"14":[0,0],"15":[0,0],"16":[1,0],"17":[1,0],"18":[1,0],"19":[1,0],"20":[1,0],"21":[10,1,1],"22":[10,2],"23":[10,1],"24":[1,9],"25":[1,8],"26":[1,7],"27":[1,6],"28":[1,5],"29":[1,4]},"_coverageSchema":"1a1c01bbd47fc00a2c39e90264f33305004495a9","hash":"862a8a40e5acb087031681be1da6965c5ae4f42d"}
,"/Users/alexsiroli/expense-tracker/src/utils/formatters.js": {"path":"/Users/alexsiroli/expense-tracker/src/utils/formatters.js","statementMap":{"0":{"start":{"line":2,"column":30},"end":{"line":5,"column":1}},"1":{"start":{"line":3,"column":2},"end":{"line":3,"column":86}},"2":{"start":{"line":3,"column":32},"end":{"line":3,"column":86}},"3":{"start":{"line":4,"column":2},"end":{"line":4,"column":71}},"4":{"start":{"line":8,"column":28},"end":{"line":11,"column":1}},"5":{"start":{"line":9,"column":2},"end":{"line":9,"column":86}},"6":{"start":{"line":9,"column":32},"end":{"line":9,"column":86}},"7":{"start":{"line":10,"column":2},"end":{"line":10,"column":65}}},"fnMap":{"0":{"name":"(anonymous_0)","decl":{"start":{"line":2,"column":30},"end":{"line":2,"column":31}},"loc":{"start":{"line":2,"column":42},"end":{"line":5,"column":1}},"line":2},"1":{"name":"(anonymous_1)","decl":{"start":{"line":8,"column":28},"end":{"line":8,"column":29}},"loc":{"start":{"line":8,"column":40},"end":{"line":11,"column":1}},"line":8}},"branchMap":{"0":{"loc":{"start":{"line":3,"column":2},"end":{"line":3,"column":86}},"type":"if","locations":[{"start":{"line":3,"column":2},"end":{"line":3,"column":86}},{"start":{},"end":{}}],"line":3},"1":{"loc":{"start":{"line":9,"column":2},"end":{"line":9,"column":86}},"type":"if","locations":[{"start":{"line":9,"column":2},"end":{"line":9,"column":86}},{"start":{},"end":{}}],"line":9}},"s":{"0":1,"1":12,"2":6,"3":6,"4":1,"5":12,"6":6,"7":6},"f":{"0":12,"1":12},"b":{"0":[6,6],"1":[6,6]},"_coverageSchema":"1a1c01bbd47fc00a2c39e90264f33305004495a9","hash":"20838ec153490db1503800e75775c33acc78c684"}
}
