{"/Users/alexsiroli/expense-tracker/src/utils/formatters.js": {"path":"/Users/alexsiroli/expense-tracker/src/utils/formatters.js","statementMap":{"0":{"start":{"line":2,"column":30},"end":{"line":5,"column":1}},"1":{"start":{"line":3,"column":2},"end":{"line":3,"column":86}},"2":{"start":{"line":3,"column":32},"end":{"line":3,"column":86}},"3":{"start":{"line":4,"column":2},"end":{"line":4,"column":71}},"4":{"start":{"line":8,"column":28},"end":{"line":11,"column":1}},"5":{"start":{"line":9,"column":2},"end":{"line":9,"column":86}},"6":{"start":{"line":9,"column":32},"end":{"line":9,"column":86}},"7":{"start":{"line":10,"column":2},"end":{"line":10,"column":65}},"8":{"start":{"line":18,"column":14},"end":{"line":18,"column":24}},"9":{"start":{"line":19,"column":15},"end":{"line":19,"column":32}},"10":{"start":{"line":20,"column":16},"end":{"line":20,"column":59}},"11":{"start":{"line":21,"column":14},"end":{"line":21,"column":52}},"12":{"start":{"line":22,"column":2},"end":{"line":22,"column":35}},"13":{"start":{"line":30,"column":14},"end":{"line":30,"column":24}},"14":{"start":{"line":31,"column":16},"end":{"line":31,"column":55}},"15":{"start":{"line":32,"column":18},"end":{"line":32,"column":59}},"16":{"start":{"line":33,"column":2},"end":{"line":33,"column":31}},"17":{"start":{"line":42,"column":29},"end":{"line":42,"column":62}},"18":{"start":{"line":43,"column":2},"end":{"line":43,"column":40}},"19":{"start":{"line":53,"column":13},"end":{"line":53,"column":77}},"20":{"start":{"line":54,"column":13},"end":{"line":54,"column":77}},"21":{"start":{"line":55,"column":2},"end":{"line":55,"column":37}}},"fnMap":{"0":{"name":"(anonymous_0)","decl":{"start":{"line":2,"column":30},"end":{"line":2,"column":31}},"loc":{"start":{"line":2,"column":42},"end":{"line":5,"column":1}},"line":2},"1":{"name":"(anonymous_1)","decl":{"start":{"line":8,"column":28},"end":{"line":8,"column":29}},"loc":{"start":{"line":8,"column":40},"end":{"line":11,"column":1}},"line":8},"2":{"name":"getCurrentLocalDate","decl":{"start":{"line":17,"column":16},"end":{"line":17,"column":35}},"loc":{"start":{"line":17,"column":38},"end":{"line":23,"column":1}},"line":17},"3":{"name":"getCurrentLocalTime","decl":{"start":{"line":29,"column":16},"end":{"line":29,"column":35}},"loc":{"start":{"line":29,"column":38},"end":{"line":34,"column":1}},"line":29},"4":{"name":"parseLocalDate","decl":{"start":{"line":41,"column":16},"end":{"line":41,"column":30}},"loc":{"start":{"line":41,"column":43},"end":{"line":44,"column":1}},"line":41},"5":{"name":"compareDatesOnly","decl":{"start":{"line":52,"column":16},"end":{"line":52,"column":32}},"loc":{"start":{"line":52,"column":47},"end":{"line":56,"column":1}},"line":52}},"branchMap":{"0":{"loc":{"start":{"line":3,"column":2},"end":{"line":3,"column":86}},"type":"if","locations":[{"start":{"line":3,"column":2},"end":{"line":3,"column":86}},{"start":{},"end":{}}],"line":3},"1":{"loc":{"start":{"line":9,"column":2},"end":{"line":9,"column":86}},"type":"if","locations":[{"start":{"line":9,"column":2},"end":{"line":9,"column":86}},{"start":{},"end":{}}],"line":9}},"s":{"0":1,"1":12,"2":6,"3":6,"4":1,"5":12,"6":6,"7":6,"8":1,"9":1,"10":1,"11":1,"12":1,"13":1,"14":1,"15":1,"16":1,"17":2,"18":2,"19":4,"20":4,"21":4},"f":{"0":12,"1":12,"2":1,"3":1,"4":2,"5":4},"b":{"0":[6,6],"1":[6,6]},"_coverageSchema":"1a1c01bbd47fc00a2c39e90264f33305004495a9","hash":"b806dcd1f9a1d3bf9d8944a44dc2013b2d9f2e3b"}
}
