TN:
SF:src/utils/formatters.js
FN:2,(anonymous_0)
FN:8,(anonymous_1)
FN:17,getCurrentLocalDate
FN:29,getCurrentLocalTime
FN:41,parseLocalDate
FN:52,compareDatesOnly
FNF:6
FNH:6
FNDA:12,(anonymous_0)
FNDA:12,(anonymous_1)
FNDA:1,getCurrentLocalDate
FNDA:1,getCurrentLocalTime
FNDA:2,parseLocalDate
FNDA:4,compareDatesOnly
DA:2,1
DA:3,12
DA:4,6
DA:8,1
DA:9,12
DA:10,6
DA:18,1
DA:19,1
DA:20,1
DA:21,1
DA:22,1
DA:30,1
DA:31,1
DA:32,1
DA:33,1
DA:42,2
DA:43,2
DA:53,4
DA:54,4
DA:55,4
LF:20
LH:20
BRDA:3,0,0,6
BRDA:3,0,1,6
BRDA:9,1,0,6
BRDA:9,1,1,6
BRF:4
BRH:4
end_of_record
