TN:
SF:src/features/debts/debtLogic.js
FN:2,addDebtTransaction
FN:10,editDebtTransaction
FN:11,(anonymous_2)
FN:17,deleteDebtTransaction
FN:18,(anonymous_4)
FN:22,validateDateNotFuture
FN:33,validateDebtTransaction
FN:43,calculatePersonBalance
FN:46,(anonymous_8)
FN:47,(anonymous_9)
FN:55,getUniquePersons
FN:56,(anonymous_11)
FN:56,(anonymous_12)
FN:62,getPersonTransactions
FN:63,(anonymous_14)
FN:64,(anonymous_15)
FN:72,createResolutionTransaction
FN:88,deletePersonTransactions
FN:89,(anonymous_18)
FN:93,calculateAutomaticTransfers
FN:96,(anonymous_20)
FN:102,(anonymous_21)
FN:118,(anonymous_22)
FN:119,(anonymous_23)
FN:125,(anonymous_24)
FN:173,deletePersonWithAutomaticTransfers
FNF:26
FNH:26
FNDA:2,addDebtTransaction
FNDA:1,editDebtTransaction
FNDA:3,(anonymous_2)
FNDA:1,deleteDebtTransaction
FNDA:3,(anonymous_4)
FNDA:3,validateDateNotFuture
FNDA:8,validateDebtTransaction
FNDA:2,calculatePersonBalance
FNDA:6,(anonymous_8)
FNDA:2,(anonymous_9)
FNDA:2,getUniquePersons
FNDA:7,(anonymous_11)
FNDA:3,(anonymous_12)
FNDA:3,getPersonTransactions
FNDA:8,(anonymous_14)
FNDA:4,(anonymous_15)
FNDA:3,createResolutionTransaction
FNDA:4,deletePersonTransactions
FNDA:13,(anonymous_18)
FNDA:11,calculateAutomaticTransfers
FNDA:33,(anonymous_20)
FNDA:21,(anonymous_21)
FNDA:19,(anonymous_22)
FNDA:15,(anonymous_23)
FNDA:10,(anonymous_24)
FNDA:3,deletePersonWithAutomaticTransfers
DA:3,2
DA:5,1
DA:6,1
DA:11,1
DA:12,3
DA:18,3
DA:23,3
DA:24,3
DA:25,3
DA:27,3
DA:28,3
DA:29,3
DA:34,8
DA:44,2
DA:46,6
DA:47,2
DA:50,2
DA:56,7
DA:57,3
DA:63,8
DA:65,4
DA:66,4
DA:67,4
DA:73,3
DA:74,3
DA:76,3
DA:89,13
DA:94,11
DA:96,33
DA:97,11
DA:100,10
DA:102,10
DA:103,21
DA:104,21
DA:105,19
DA:111,21
DA:112,21
DA:113,21
DA:117,10
DA:118,19
DA:119,15
DA:122,10
DA:125,10
DA:127,7
DA:128,7
DA:129,7
DA:132,7
DA:133,8
DA:134,8
DA:136,8
DA:137,0
DA:138,0
DA:141,8
DA:142,0
DA:143,0
DA:147,8
DA:149,8
DA:150,8
DA:160,8
DA:161,8
DA:165,8
DA:166,8
DA:169,7
DA:174,3
DA:175,3
DA:177,3
LF:66
LH:62
BRDA:3,0,0,1
BRDA:3,0,1,1
BRDA:12,1,0,1
BRDA:12,1,1,2
BRDA:23,2,0,0
BRDA:23,2,1,3
BRDA:34,3,0,8
BRDA:34,3,1,8
BRDA:34,3,2,8
BRDA:34,3,3,6
BRDA:34,3,4,5
BRDA:34,3,5,4
BRDA:34,3,6,3
BRDA:44,4,0,0
BRDA:44,4,1,2
BRDA:50,5,0,1
BRDA:50,5,1,1
BRDA:65,6,0,4
BRDA:65,6,1,1
BRDA:66,7,0,4
BRDA:66,7,1,1
BRDA:72,8,0,0
BRDA:74,9,0,2
BRDA:74,9,1,1
BRDA:94,10,0,0
BRDA:94,10,1,11
BRDA:97,11,0,1
BRDA:97,11,1,10
BRDA:104,12,0,19
BRDA:104,12,1,2
BRDA:111,13,0,10
BRDA:111,13,1,11
BRDA:122,14,0,3
BRDA:122,14,1,7
BRDA:136,15,0,0
BRDA:136,15,1,8
BRDA:141,16,0,0
BRDA:141,16,1,8
BRDA:149,17,0,8
BRDA:149,17,1,0
BRDA:165,18,0,6
BRDA:165,18,1,2
BRDA:166,19,0,8
BRDA:166,19,1,0
BRF:44
BRH:36
end_of_record
